<?xml version="1.0" encoding="UTF-8"?>
<!-- Generated by org.testng.reporters.JUnitReportReporter -->
<testsuite hostname="DESKTOP-CIOH1UD" failures="0" tests="1" name="automation.testsuit.Practice" time="48.824" errors="0" timestamp="2025-10-21T21:55:36 CEST" skipped="0">
  <testcase classname="automation.testsuit.Practice" name="timSoNhoNhatMang" time="48.824"/>
</testsuite> <!-- automation.testsuit.Practice -->
