<?xml version="1.0" encoding="UTF-8"?>
<!-- Generated by org.testng.reporters.JUnitReportReporter -->
<testsuite hostname="DESKTOP-CIOH1UD" failures="0" tests="1" name="automation.testsuit.Practice" time="4.154" errors="0" timestamp="2025-10-19T16:23:01 CEST" skipped="0">
  <testcase classname="automation.testsuit.Practice" name="tinhTongMang" time="4.154"/>
</testsuite> <!-- automation.testsuit.Practice -->
